{
  "stats": {
    "suites": 2,
    "tests": 2,
    "passes": 2,
    "pending": 0,
    "failures": 0,
    "start": "2025-02-27T20:58:21.446Z",
    "end": "2025-02-27T20:58:42.198Z",
    "duration": 20752,
    "testsRegistered": 2,
    "passPercent": 100,
    "pendingPercent": 0,
    "other": 0,
    "hasOther": false,
    "skipped": 0,
    "hasSkipped": false
  },
  "results": [
    {
      "uuid": "ad64abca-986c-474a-a2fc-6e31922f82cf",
      "title": "",
      "fullFile": "cypress\\e2e\\tests\\adaptliviu.cy.js",
      "file": "cypress\\e2e\\tests\\adaptliviu.cy.js",
      "beforeHooks": [],
      "afterHooks": [],
      "tests": [],
      "suites": [
        {
          "uuid": "9bced4cf-56d0-4a80-a470-a16bd110ec43",
          "title": "Verificar se a Home Page carrega corretamente",
          "fullFile": "",
          "file": "",
          "beforeHooks": [],
          "afterHooks": [],
          "tests": [
            {
              "title": "Verificar HomePage",
              "fullTitle": "Verificar se a Home Page carrega corretamente Verificar HomePage",
              "timedOut": null,
              "duration": 5121,
              "state": "passed",
              "speed": "medium",
              "pass": true,
              "fail": false,
              "pending": false,
              "context": null,
              "code": "_Home.default.VerificarMensagemBanner();\n_Home.default.VerificarLogo();",
              "err": {},
              "uuid": "d23a84cb-b162-48eb-9b99-4ffe0cf588b7",
              "parentUUID": "9bced4cf-56d0-4a80-a470-a16bd110ec43",
              "isHook": false,
              "skipped": false
            }
          ],
          "suites": [],
          "passes": [
            "d23a84cb-b162-48eb-9b99-4ffe0cf588b7"
          ],
          "failures": [],
          "pending": [],
          "skipped": [],
          "duration": 5121,
          "root": false,
          "rootEmpty": false,
          "_timeout": 2000
        },
        {
          "uuid": "3cb4ab69-2773-4e7a-83ca-595ec2e13d93",
          "title": "Verificar pedido de contato",
          "fullFile": "",
          "file": "",
          "beforeHooks": [],
          "afterHooks": [],
          "tests": [
            {
              "title": "Adicionar comentário",
              "fullTitle": "Verificar pedido de contato Adicionar comentário",
              "timedOut": null,
              "duration": 12110,
              "state": "passed",
              "speed": "slow",
              "pass": true,
              "fail": false,
              "pending": false,
              "context": null,
              "code": "_Contato.default.adicionarComentario();",
              "err": {},
              "uuid": "0f2a36a7-7634-49c6-a2b2-ca35ae2279e3",
              "parentUUID": "3cb4ab69-2773-4e7a-83ca-595ec2e13d93",
              "isHook": false,
              "skipped": false
            }
          ],
          "suites": [],
          "passes": [
            "0f2a36a7-7634-49c6-a2b2-ca35ae2279e3"
          ],
          "failures": [],
          "pending": [],
          "skipped": [],
          "duration": 12110,
          "root": false,
          "rootEmpty": false,
          "_timeout": 2000
        }
      ],
      "passes": [],
      "failures": [],
      "pending": [],
      "skipped": [],
      "duration": 0,
      "root": true,
      "rootEmpty": true,
      "_timeout": 2000
    }
  ],
  "meta": {
    "mocha": {
      "version": "7.0.1"
    },
    "mochawesome": {
      "options": {
        "quiet": true,
        "reportFilename": "mochawesome",
        "saveHtml": true,
        "saveJson": true,
        "consoleReporter": "spec",
        "useInlineDiffs": false,
        "code": true
      },
      "version": "7.1.3"
    },
    "marge": {
      "options": {
        "id": "default",
        "reportDir": "mochawesome-report",
        "quiet": true,
        "overwrite": false,
        "html": true,
        "json": true,
        "charts": true,
        "reportPageTitle": "Relatório de Testes",
        "embeddedScreenshots": true,
        "inlineAssets": true,
        "saveAllAttempts": false
      },
      "version": "6.2.0"
    }
  }
}